<?xml version="1.0" encoding="UTF-8"?>
<robot generator="Robot 4.1.2 (Python 3.9.5 on win32)" generated="20211022 18:45:17.006" rpa="false" schemaversion="2">
<suite id="s1" name="Webautomation" source="C:\Users\NefiProfissional\Desktop\curso prime robot\tests\webautomation.robot">
<test id="s1-t1" name="Caso de Teste 01: Pesquisar produto existente">
<kw name="Abrir Navegador" library="kws_webautomation" type="SETUP">
<kw name="Open Browser" library="SeleniumLibrary">
<arg>browser=${BROWSER}</arg>
<doc>Opens a new browser instance to the optional ``url``.</doc>
<msg timestamp="20211022 18:45:17.281" level="INFO">Opening browser 'chrome' to base url 'None'.</msg>
<status status="PASS" starttime="20211022 18:45:17.281" endtime="20211022 18:45:18.522"/>
</kw>
<kw name="Maximize Browser Window" library="SeleniumLibrary">
<doc>Maximizes current browser window.</doc>
<status status="PASS" starttime="20211022 18:45:18.522" endtime="20211022 18:45:18.654"/>
</kw>
<status status="PASS" starttime="20211022 18:45:17.280" endtime="20211022 18:45:18.654"/>
</kw>
<kw name="Acessar a página home do site Automation Practice" library="kws_webautomation">
<kw name="Go To" library="SeleniumLibrary">
<arg>${URL}</arg>
<doc>Navigates the current browser window to the provided ``url``.</doc>
<msg timestamp="20211022 18:45:18.658" level="INFO">Opening url 'http://automationpractice.com/'</msg>
<status status="PASS" starttime="20211022 18:45:18.657" endtime="20211022 18:45:22.774"/>
</kw>
<kw name="Title Should Be" library="SeleniumLibrary">
<arg>My Store</arg>
<doc>Verifies that the current page title equals ``title``.</doc>
<msg timestamp="20211022 18:45:22.783" level="INFO">Page title is 'My Store'.</msg>
<status status="PASS" starttime="20211022 18:45:22.775" endtime="20211022 18:45:22.784"/>
</kw>
<kw name="Wait Until Element Is Visible" library="SeleniumLibrary">
<arg>xpath=//*[@id="block_top_menu"]/ul</arg>
<doc>Waits until the element ``locator`` is visible.</doc>
<status status="PASS" starttime="20211022 18:45:22.784" endtime="20211022 18:45:22.812"/>
</kw>
<status status="PASS" starttime="20211022 18:45:18.656" endtime="20211022 18:45:22.812"/>
</kw>
<kw name="Digitar o nome do produto &quot;Blouse&quot; no campo de pesquisa" library="kws_webautomation" sourcename="Digitar o nome do produto &quot;${PRODUTO}&quot; no campo de pesquisa">
<kw name="Input Text" library="SeleniumLibrary">
<arg>id=search_query_top</arg>
<arg>${PRODUTO}</arg>
<doc>Types the given ``text`` into the text field identified by ``locator``.</doc>
<msg timestamp="20211022 18:45:22.814" level="INFO">Typing text 'Blouse' into text field 'id=search_query_top'.</msg>
<status status="PASS" starttime="20211022 18:45:22.813" endtime="20211022 18:45:22.907"/>
</kw>
<status status="PASS" starttime="20211022 18:45:22.813" endtime="20211022 18:45:22.907"/>
</kw>
<kw name="Clicar no botão pesquisar" library="kws_webautomation">
<kw name="Click Element" library="SeleniumLibrary">
<arg>name=submit_search</arg>
<doc>Click the element identified by ``locator``.</doc>
<msg timestamp="20211022 18:45:22.909" level="INFO">Clicking element 'name=submit_search'.</msg>
<status status="PASS" starttime="20211022 18:45:22.908" endtime="20211022 18:45:24.536"/>
</kw>
<status status="PASS" starttime="20211022 18:45:22.908" endtime="20211022 18:45:24.536"/>
</kw>
<kw name="Conferir se o produto &quot;Blouse&quot; foi listado no site" library="kws_webautomation" sourcename="Conferir se o produto &quot;${PRODUTO}&quot; foi listado no site">
<kw name="Sleep" library="BuiltIn">
<arg>5</arg>
<doc>Pauses the test executed for the given time.</doc>
<msg timestamp="20211022 18:45:29.552" level="INFO">Slept 5 seconds</msg>
<status status="PASS" starttime="20211022 18:45:24.538" endtime="20211022 18:45:29.552"/>
</kw>
<kw name="Page Should Contain Image" library="SeleniumLibrary">
<arg>xpath=//*[@id="center_column"]//*[@src='http://automationpractice.com/img/p/7/7-home_default.jpg']</arg>
<doc>Verifies image identified by ``locator`` is found from current page.</doc>
<msg timestamp="20211022 18:45:29.573" level="INFO">Current page contains image 'xpath=//*[@id="center_column"]//*[@src='http://automationpractice.com/img/p/7/7-home_default.jpg']'.</msg>
<status status="PASS" starttime="20211022 18:45:29.552" endtime="20211022 18:45:29.573"/>
</kw>
<kw name="Title Should Be" library="SeleniumLibrary">
<arg>Search - My Store</arg>
<doc>Verifies that the current page title equals ``title``.</doc>
<msg timestamp="20211022 18:45:29.579" level="INFO">Page title is 'Search - My Store'.</msg>
<status status="PASS" starttime="20211022 18:45:29.574" endtime="20211022 18:45:29.580"/>
</kw>
<status status="PASS" starttime="20211022 18:45:24.537" endtime="20211022 18:45:29.580"/>
</kw>
<kw name="Fechar Navegador" library="kws_webautomation" type="TEARDOWN">
<kw name="Capture Page Screenshot" library="SeleniumLibrary">
<doc>Takes a screenshot of the current page and embeds it into a log file.</doc>
<msg timestamp="20211022 18:45:29.789" level="INFO" html="true">&lt;/td&gt;&lt;/tr&gt;&lt;tr&gt;&lt;td colspan="3"&gt;&lt;a href="selenium-screenshot-1.png"&gt;&lt;img src="selenium-screenshot-1.png" width="800px"&gt;&lt;/a&gt;</msg>
<status status="PASS" starttime="20211022 18:45:29.582" endtime="20211022 18:45:29.790"/>
</kw>
<kw name="Close Browser" library="SeleniumLibrary">
<doc>Closes the current browser.</doc>
<status status="PASS" starttime="20211022 18:45:29.790" endtime="20211022 18:45:31.965"/>
</kw>
<status status="PASS" starttime="20211022 18:45:29.581" endtime="20211022 18:45:31.966"/>
</kw>
<tag>PRODUTO_EXISTE</tag>
<status status="PASS" starttime="20211022 18:45:17.280" endtime="20211022 18:45:31.966"/>
</test>
<test id="s1-t2" name="Caso de Teste 02: Pesquisar produto não existente">
<kw name="Abrir Navegador" library="kws_webautomation" type="SETUP">
<kw name="Open Browser" library="SeleniumLibrary">
<arg>browser=${BROWSER}</arg>
<doc>Opens a new browser instance to the optional ``url``.</doc>
<msg timestamp="20211022 18:45:31.969" level="INFO">Opening browser 'chrome' to base url 'None'.</msg>
<status status="PASS" starttime="20211022 18:45:31.969" endtime="20211022 18:45:33.341"/>
</kw>
<kw name="Maximize Browser Window" library="SeleniumLibrary">
<doc>Maximizes current browser window.</doc>
<status status="PASS" starttime="20211022 18:45:33.341" endtime="20211022 18:45:33.484"/>
</kw>
<status status="PASS" starttime="20211022 18:45:31.968" endtime="20211022 18:45:33.484"/>
</kw>
<kw name="Acessar a página home do site Automation Practice" library="kws_webautomation">
<kw name="Go To" library="SeleniumLibrary">
<arg>${URL}</arg>
<doc>Navigates the current browser window to the provided ``url``.</doc>
<msg timestamp="20211022 18:45:33.485" level="INFO">Opening url 'http://automationpractice.com/'</msg>
<status status="PASS" starttime="20211022 18:45:33.485" endtime="20211022 18:45:37.296"/>
</kw>
<kw name="Title Should Be" library="SeleniumLibrary">
<arg>My Store</arg>
<doc>Verifies that the current page title equals ``title``.</doc>
<msg timestamp="20211022 18:45:37.304" level="INFO">Page title is 'My Store'.</msg>
<status status="PASS" starttime="20211022 18:45:37.296" endtime="20211022 18:45:37.304"/>
</kw>
<kw name="Wait Until Element Is Visible" library="SeleniumLibrary">
<arg>xpath=//*[@id="block_top_menu"]/ul</arg>
<doc>Waits until the element ``locator`` is visible.</doc>
<status status="PASS" starttime="20211022 18:45:37.304" endtime="20211022 18:45:37.332"/>
</kw>
<status status="PASS" starttime="20211022 18:45:33.485" endtime="20211022 18:45:37.332"/>
</kw>
<kw name="Digitar o nome do produto &quot;itemNãoExistente&quot; no campo de pesquisa" library="kws_webautomation" sourcename="Digitar o nome do produto &quot;${PRODUTO}&quot; no campo de pesquisa">
<kw name="Input Text" library="SeleniumLibrary">
<arg>id=search_query_top</arg>
<arg>${PRODUTO}</arg>
<doc>Types the given ``text`` into the text field identified by ``locator``.</doc>
<msg timestamp="20211022 18:45:37.333" level="INFO">Typing text 'itemNãoExistente' into text field 'id=search_query_top'.</msg>
<status status="PASS" starttime="20211022 18:45:37.333" endtime="20211022 18:45:37.439"/>
</kw>
<status status="PASS" starttime="20211022 18:45:37.333" endtime="20211022 18:45:37.440"/>
</kw>
<kw name="Clicar no botão pesquisar" library="kws_webautomation">
<kw name="Click Element" library="SeleniumLibrary">
<arg>name=submit_search</arg>
<doc>Click the element identified by ``locator``.</doc>
<msg timestamp="20211022 18:45:37.441" level="INFO">Clicking element 'name=submit_search'.</msg>
<status status="PASS" starttime="20211022 18:45:37.441" endtime="20211022 18:45:38.897"/>
</kw>
<status status="PASS" starttime="20211022 18:45:37.440" endtime="20211022 18:45:38.897"/>
</kw>
<kw name="Conferir mensagem &quot;No results were found for your search &quot;itemNãoExistente&quot;&quot;" library="kws_webautomation">
<kw name="Sleep" library="BuiltIn">
<arg>5</arg>
<doc>Pauses the test executed for the given time.</doc>
<msg timestamp="20211022 18:45:43.912" level="INFO">Slept 5 seconds</msg>
<status status="PASS" starttime="20211022 18:45:38.899" endtime="20211022 18:45:43.913"/>
</kw>
<kw name="Wait Until Element Is Visible" library="SeleniumLibrary">
<arg>xpath=//*[@id="center_column"]/p</arg>
<doc>Waits until the element ``locator`` is visible.</doc>
<status status="PASS" starttime="20211022 18:45:43.913" endtime="20211022 18:45:43.951"/>
</kw>
<kw name="Title Should Be" library="SeleniumLibrary">
<arg>Search - My Store</arg>
<doc>Verifies that the current page title equals ``title``.</doc>
<msg timestamp="20211022 18:45:43.960" level="INFO">Page title is 'Search - My Store'.</msg>
<status status="PASS" starttime="20211022 18:45:43.951" endtime="20211022 18:45:43.961"/>
</kw>
<status status="PASS" starttime="20211022 18:45:38.898" endtime="20211022 18:45:43.961"/>
</kw>
<kw name="Fechar Navegador" library="kws_webautomation" type="TEARDOWN">
<kw name="Capture Page Screenshot" library="SeleniumLibrary">
<doc>Takes a screenshot of the current page and embeds it into a log file.</doc>
<msg timestamp="20211022 18:45:44.115" level="INFO" html="true">&lt;/td&gt;&lt;/tr&gt;&lt;tr&gt;&lt;td colspan="3"&gt;&lt;a href="selenium-screenshot-2.png"&gt;&lt;img src="selenium-screenshot-2.png" width="800px"&gt;&lt;/a&gt;</msg>
<status status="PASS" starttime="20211022 18:45:43.964" endtime="20211022 18:45:44.116"/>
</kw>
<kw name="Close Browser" library="SeleniumLibrary">
<doc>Closes the current browser.</doc>
<status status="PASS" starttime="20211022 18:45:44.116" endtime="20211022 18:45:46.248"/>
</kw>
<status status="PASS" starttime="20211022 18:45:43.963" endtime="20211022 18:45:46.248"/>
</kw>
<tag>PRODUTO_NAO_EXISTE</tag>
<status status="PASS" starttime="20211022 18:45:31.967" endtime="20211022 18:45:46.249"/>
</test>
<test id="s1-t3" name="Caso de Teste 03: Listar Produtos">
<kw name="Abrir Navegador" library="kws_webautomation" type="SETUP">
<kw name="Open Browser" library="SeleniumLibrary">
<arg>browser=${BROWSER}</arg>
<doc>Opens a new browser instance to the optional ``url``.</doc>
<msg timestamp="20211022 18:45:46.252" level="INFO">Opening browser 'chrome' to base url 'None'.</msg>
<status status="PASS" starttime="20211022 18:45:46.251" endtime="20211022 18:45:47.433"/>
</kw>
<kw name="Maximize Browser Window" library="SeleniumLibrary">
<doc>Maximizes current browser window.</doc>
<status status="PASS" starttime="20211022 18:45:47.433" endtime="20211022 18:45:47.562"/>
</kw>
<status status="PASS" starttime="20211022 18:45:46.251" endtime="20211022 18:45:47.562"/>
</kw>
<kw name="Acessar a página home do site Automation Practice" library="kws_webautomation">
<kw name="Go To" library="SeleniumLibrary">
<arg>${URL}</arg>
<doc>Navigates the current browser window to the provided ``url``.</doc>
<msg timestamp="20211022 18:45:47.563" level="INFO">Opening url 'http://automationpractice.com/'</msg>
<status status="PASS" starttime="20211022 18:45:47.563" endtime="20211022 18:45:51.709"/>
</kw>
<kw name="Title Should Be" library="SeleniumLibrary">
<arg>My Store</arg>
<doc>Verifies that the current page title equals ``title``.</doc>
<msg timestamp="20211022 18:45:51.717" level="INFO">Page title is 'My Store'.</msg>
<status status="PASS" starttime="20211022 18:45:51.709" endtime="20211022 18:45:51.717"/>
</kw>
<kw name="Wait Until Element Is Visible" library="SeleniumLibrary">
<arg>xpath=//*[@id="block_top_menu"]/ul</arg>
<doc>Waits until the element ``locator`` is visible.</doc>
<status status="PASS" starttime="20211022 18:45:51.717" endtime="20211022 18:45:51.747"/>
</kw>
<status status="PASS" starttime="20211022 18:45:47.563" endtime="20211022 18:45:51.747"/>
</kw>
<kw name="Passar o mouse por cima da categoria &quot;Women&quot; no menu principal superior de categorias" library="kws_webautomation">
<kw name="Mouse Over" library="SeleniumLibrary">
<arg>xpath=//*[@id="block_top_menu"]/ul/li[1]/a</arg>
<doc>Simulates hovering the mouse over the element ``locator``.</doc>
<msg timestamp="20211022 18:45:51.749" level="INFO">Simulating Mouse Over on element 'xpath=//*[@id="block_top_menu"]/ul/li[1]/a'.</msg>
<status status="PASS" starttime="20211022 18:45:51.749" endtime="20211022 18:45:52.055"/>
</kw>
<status status="PASS" starttime="20211022 18:45:51.748" endtime="20211022 18:45:52.056"/>
</kw>
<kw name="Clicar na sub categoria &quot;Summer Dresses&quot;" library="kws_webautomation">
<kw name="Click Element" library="SeleniumLibrary">
<arg>xpath=//*[@id="block_top_menu"]/ul/li[1]/ul/li[2]/ul/li[3]/a</arg>
<doc>Click the element identified by ``locator``.</doc>
<msg timestamp="20211022 18:45:52.058" level="INFO">Clicking element 'xpath=//*[@id="block_top_menu"]/ul/li[1]/ul/li[2]/ul/li[3]/a'.</msg>
<status status="PASS" starttime="20211022 18:45:52.057" endtime="20211022 18:45:53.883"/>
</kw>
<status status="PASS" starttime="20211022 18:45:52.056" endtime="20211022 18:45:53.883"/>
</kw>
<kw name="Conferir se os produtos da sub-categoria &quot;Summer Dresses&quot; foram mostrados na página" library="kws_webautomation">
<kw name="Title Should Be" library="SeleniumLibrary">
<arg>Summer Dresses - My Store</arg>
<doc>Verifies that the current page title equals ``title``.</doc>
<msg timestamp="20211022 18:45:53.888" level="INFO">Page title is 'Summer Dresses - My Store'.</msg>
<status status="PASS" starttime="20211022 18:45:53.885" endtime="20211022 18:45:53.888"/>
</kw>
<kw name="Sleep" library="BuiltIn">
<arg>3</arg>
<doc>Pauses the test executed for the given time.</doc>
<msg timestamp="20211022 18:45:56.894" level="INFO">Slept 3 seconds</msg>
<status status="PASS" starttime="20211022 18:45:53.889" endtime="20211022 18:45:56.894"/>
</kw>
<status status="PASS" starttime="20211022 18:45:53.884" endtime="20211022 18:45:56.894"/>
</kw>
<kw name="Fechar Navegador" library="kws_webautomation" type="TEARDOWN">
<kw name="Capture Page Screenshot" library="SeleniumLibrary">
<doc>Takes a screenshot of the current page and embeds it into a log file.</doc>
<msg timestamp="20211022 18:45:57.169" level="INFO" html="true">&lt;/td&gt;&lt;/tr&gt;&lt;tr&gt;&lt;td colspan="3"&gt;&lt;a href="selenium-screenshot-3.png"&gt;&lt;img src="selenium-screenshot-3.png" width="800px"&gt;&lt;/a&gt;</msg>
<status status="PASS" starttime="20211022 18:45:56.896" endtime="20211022 18:45:57.169"/>
</kw>
<kw name="Close Browser" library="SeleniumLibrary">
<doc>Closes the current browser.</doc>
<status status="PASS" starttime="20211022 18:45:57.170" endtime="20211022 18:45:59.308"/>
</kw>
<status status="PASS" starttime="20211022 18:45:56.895" endtime="20211022 18:45:59.308"/>
</kw>
<tag>LISTA_DE_PRODUTOS</tag>
<status status="PASS" starttime="20211022 18:45:46.250" endtime="20211022 18:45:59.309"/>
</test>
<test id="s1-t4" name="Caso de Teste 04: Adicionar Cliente">
<kw name="Abrir Navegador" library="kws_webautomation" type="SETUP">
<kw name="Open Browser" library="SeleniumLibrary">
<arg>browser=${BROWSER}</arg>
<doc>Opens a new browser instance to the optional ``url``.</doc>
<msg timestamp="20211022 18:45:59.312" level="INFO">Opening browser 'chrome' to base url 'None'.</msg>
<status status="PASS" starttime="20211022 18:45:59.311" endtime="20211022 18:46:00.442"/>
</kw>
<kw name="Maximize Browser Window" library="SeleniumLibrary">
<doc>Maximizes current browser window.</doc>
<status status="PASS" starttime="20211022 18:46:00.442" endtime="20211022 18:46:00.573"/>
</kw>
<status status="PASS" starttime="20211022 18:45:59.311" endtime="20211022 18:46:00.573"/>
</kw>
<kw name="Acessar a página home do site Automation Practice" library="kws_webautomation">
<kw name="Go To" library="SeleniumLibrary">
<arg>${URL}</arg>
<doc>Navigates the current browser window to the provided ``url``.</doc>
<msg timestamp="20211022 18:46:00.575" level="INFO">Opening url 'http://automationpractice.com/'</msg>
<status status="PASS" starttime="20211022 18:46:00.574" endtime="20211022 18:46:04.174"/>
</kw>
<kw name="Title Should Be" library="SeleniumLibrary">
<arg>My Store</arg>
<doc>Verifies that the current page title equals ``title``.</doc>
<msg timestamp="20211022 18:46:04.181" level="INFO">Page title is 'My Store'.</msg>
<status status="PASS" starttime="20211022 18:46:04.174" endtime="20211022 18:46:04.181"/>
</kw>
<kw name="Wait Until Element Is Visible" library="SeleniumLibrary">
<arg>xpath=//*[@id="block_top_menu"]/ul</arg>
<doc>Waits until the element ``locator`` is visible.</doc>
<status status="PASS" starttime="20211022 18:46:04.181" endtime="20211022 18:46:04.212"/>
</kw>
<status status="PASS" starttime="20211022 18:46:00.574" endtime="20211022 18:46:04.212"/>
</kw>
<kw name="Clicar em &quot;Sign in&quot;" library="kws_webautomation">
<kw name="Click Element" library="SeleniumLibrary">
<arg>xpath=//*[@id="header"]/div[2]/div/div/nav/div[1]/a</arg>
<doc>Click the element identified by ``locator``.</doc>
<msg timestamp="20211022 18:46:04.213" level="INFO">Clicking element 'xpath=//*[@id="header"]/div[2]/div/div/nav/div[1]/a'.</msg>
<status status="PASS" starttime="20211022 18:46:04.213" endtime="20211022 18:46:06.233"/>
</kw>
<status status="PASS" starttime="20211022 18:46:04.213" endtime="20211022 18:46:06.233"/>
</kw>
<kw name="Informar um e-mail válido" library="kws_webautomation">
<kw name="Title Should Be" library="SeleniumLibrary">
<arg>Login - My Store</arg>
<doc>Verifies that the current page title equals ``title``.</doc>
<msg timestamp="20211022 18:46:06.242" level="INFO">Page title is 'Login - My Store'.</msg>
<status status="PASS" starttime="20211022 18:46:06.234" endtime="20211022 18:46:06.242"/>
</kw>
<kw name="Input Text" library="SeleniumLibrary">
<arg>id=email_create</arg>
<arg>${EMAIL}</arg>
<doc>Types the given ``text`` into the text field identified by ``locator``.</doc>
<msg timestamp="20211022 18:46:06.242" level="INFO">Typing text 'testes@testesPrimeHero.com.br' into text field 'id=email_create'.</msg>
<status status="PASS" starttime="20211022 18:46:06.242" endtime="20211022 18:46:06.384"/>
</kw>
<status status="PASS" starttime="20211022 18:46:06.234" endtime="20211022 18:46:06.385"/>
</kw>
<kw name="Clicar em &quot;Create an account&quot;" library="kws_webautomation">
<kw name="Click Button" library="SeleniumLibrary">
<arg>id=SubmitCreate</arg>
<doc>Clicks the button identified by ``locator``.</doc>
<msg timestamp="20211022 18:46:06.389" level="INFO">Clicking button 'id=SubmitCreate'.</msg>
<status status="PASS" starttime="20211022 18:46:06.388" endtime="20211022 18:46:06.481"/>
</kw>
<kw name="Sleep" library="BuiltIn">
<arg>5</arg>
<doc>Pauses the test executed for the given time.</doc>
<msg timestamp="20211022 18:46:11.488" level="INFO">Slept 5 seconds</msg>
<status status="PASS" starttime="20211022 18:46:06.481" endtime="20211022 18:46:11.488"/>
</kw>
<status status="PASS" starttime="20211022 18:46:06.386" endtime="20211022 18:46:11.488"/>
</kw>
<kw name="Preencher os dados obrigatórios" library="kws_webautomation">
<kw name="Input Text" library="SeleniumLibrary">
<arg>name=customer_firstname</arg>
<arg>${NOME}</arg>
<doc>Types the given ``text`` into the text field identified by ``locator``.</doc>
<msg timestamp="20211022 18:46:11.489" level="INFO">Typing text 'Néfi' into text field 'name=customer_firstname'.</msg>
<status status="PASS" starttime="20211022 18:46:11.489" endtime="20211022 18:46:11.584"/>
</kw>
<kw name="Input Text" library="SeleniumLibrary">
<arg>id=customer_lastname</arg>
<arg>${SOBRENOME}</arg>
<doc>Types the given ``text`` into the text field identified by ``locator``.</doc>
<msg timestamp="20211022 18:46:11.584" level="INFO">Typing text 'Fernandes' into text field 'id=customer_lastname'.</msg>
<status status="PASS" starttime="20211022 18:46:11.584" endtime="20211022 18:46:11.748"/>
</kw>
<kw name="Input Password" library="SeleniumLibrary">
<arg>id=passwd</arg>
<arg>${PASSWORD}</arg>
<doc>Types the given password into the text field identified by ``locator``.</doc>
<msg timestamp="20211022 18:46:11.749" level="INFO">Typing password into text field 'id=passwd'.</msg>
<msg timestamp="20211022 18:46:11.821" level="INFO">Temporally setting log level to: NONE</msg>
<msg timestamp="20211022 18:46:11.983" level="INFO">Log level changed from NONE to INFO.</msg>
<status status="PASS" starttime="20211022 18:46:11.748" endtime="20211022 18:46:11.983"/>
</kw>
<kw name="Input Text" library="SeleniumLibrary">
<arg>id=firstname</arg>
<arg>${NOME}</arg>
<doc>Types the given ``text`` into the text field identified by ``locator``.</doc>
<msg timestamp="20211022 18:46:11.984" level="INFO">Typing text 'Néfi' into text field 'id=firstname'.</msg>
<status status="PASS" starttime="20211022 18:46:11.984" endtime="20211022 18:46:12.148"/>
</kw>
<kw name="Input Text" library="SeleniumLibrary">
<arg>id=lastname</arg>
<arg>${SOBRENOME}</arg>
<doc>Types the given ``text`` into the text field identified by ``locator``.</doc>
<msg timestamp="20211022 18:46:12.149" level="INFO">Typing text 'Fernandes' into text field 'id=lastname'.</msg>
<status status="PASS" starttime="20211022 18:46:12.148" endtime="20211022 18:46:12.254"/>
</kw>
<kw name="Input Text" library="SeleniumLibrary">
<arg>id=address1</arg>
<arg>${ENDERECO}</arg>
<doc>Types the given ``text`` into the text field identified by ``locator``.</doc>
<msg timestamp="20211022 18:46:12.255" level="INFO">Typing text 'Rua Teste,23' into text field 'id=address1'.</msg>
<status status="PASS" starttime="20211022 18:46:12.254" endtime="20211022 18:46:12.362"/>
</kw>
<kw name="Input Text" library="SeleniumLibrary">
<arg>id=city</arg>
<arg>${CIDADE}</arg>
<doc>Types the given ``text`` into the text field identified by ``locator``.</doc>
<msg timestamp="20211022 18:46:12.363" level="INFO">Typing text 'Teste' into text field 'id=city'.</msg>
<status status="PASS" starttime="20211022 18:46:12.362" endtime="20211022 18:46:12.462"/>
</kw>
<kw name="Select From List By Label" library="SeleniumLibrary">
<arg>id=id_state</arg>
<arg>${ESTADO}</arg>
<doc>Selects options from selection list ``locator`` by ``labels``.</doc>
<msg timestamp="20211022 18:46:12.462" level="INFO">Selecting options from selection list 'id=id_state' by label Alabama.</msg>
<status status="PASS" starttime="20211022 18:46:12.462" endtime="20211022 18:46:12.542"/>
</kw>
<kw name="Input Text" library="SeleniumLibrary">
<arg>id=postcode</arg>
<arg>${ZIPCODE}</arg>
<doc>Types the given ``text`` into the text field identified by ``locator``.</doc>
<msg timestamp="20211022 18:46:12.543" level="INFO">Typing text '12345' into text field 'id=postcode'.</msg>
<status status="PASS" starttime="20211022 18:46:12.542" endtime="20211022 18:46:12.637"/>
</kw>
<kw name="Select From List By Label" library="SeleniumLibrary">
<arg>id=id_country</arg>
<arg>${PAIS}</arg>
<doc>Selects options from selection list ``locator`` by ``labels``.</doc>
<msg timestamp="20211022 18:46:12.638" level="INFO">Selecting options from selection list 'id=id_country' by label United States.</msg>
<status status="PASS" starttime="20211022 18:46:12.637" endtime="20211022 18:46:12.681"/>
</kw>
<kw name="Input Text" library="SeleniumLibrary">
<arg>id=phone_mobile</arg>
<arg>${CELULAR}</arg>
<doc>Types the given ``text`` into the text field identified by ``locator``.</doc>
<msg timestamp="20211022 18:46:12.682" level="INFO">Typing text '+558155598598' into text field 'id=phone_mobile'.</msg>
<status status="PASS" starttime="20211022 18:46:12.682" endtime="20211022 18:46:12.777"/>
</kw>
<status status="PASS" starttime="20211022 18:46:11.489" endtime="20211022 18:46:12.778"/>
</kw>
<kw name="Submeter cadastro" library="kws_webautomation">
<kw name="Click Element" library="SeleniumLibrary">
<arg>id=submitAccount</arg>
<doc>Click the element identified by ``locator``.</doc>
<msg timestamp="20211022 18:46:12.779" level="INFO">Clicking element 'id=submitAccount'.</msg>
<status status="PASS" starttime="20211022 18:46:12.779" endtime="20211022 18:46:14.703"/>
</kw>
<status status="PASS" starttime="20211022 18:46:12.778" endtime="20211022 18:46:14.703"/>
</kw>
<kw name="Conferir se o cadastro foi efetuado com sucesso" library="kws_webautomation">
<kw name="Title Should Be" library="SeleniumLibrary">
<arg>My account - My Store</arg>
<doc>Verifies that the current page title equals ``title``.</doc>
<msg timestamp="20211022 18:46:14.717" level="INFO">Page title is 'My account - My Store'.</msg>
<status status="PASS" starttime="20211022 18:46:14.705" endtime="20211022 18:46:14.717"/>
</kw>
<kw name="Sleep" library="BuiltIn">
<arg>5</arg>
<doc>Pauses the test executed for the given time.</doc>
<msg timestamp="20211022 18:46:19.734" level="INFO">Slept 5 seconds</msg>
<status status="PASS" starttime="20211022 18:46:14.718" endtime="20211022 18:46:19.734"/>
</kw>
<status status="PASS" starttime="20211022 18:46:14.704" endtime="20211022 18:46:19.734"/>
</kw>
<kw name="Fechar Navegador" library="kws_webautomation" type="TEARDOWN">
<kw name="Capture Page Screenshot" library="SeleniumLibrary">
<doc>Takes a screenshot of the current page and embeds it into a log file.</doc>
<msg timestamp="20211022 18:46:19.875" level="INFO" html="true">&lt;/td&gt;&lt;/tr&gt;&lt;tr&gt;&lt;td colspan="3"&gt;&lt;a href="selenium-screenshot-4.png"&gt;&lt;img src="selenium-screenshot-4.png" width="800px"&gt;&lt;/a&gt;</msg>
<status status="PASS" starttime="20211022 18:46:19.736" endtime="20211022 18:46:19.875"/>
</kw>
<kw name="Close Browser" library="SeleniumLibrary">
<doc>Closes the current browser.</doc>
<status status="PASS" starttime="20211022 18:46:19.875" endtime="20211022 18:46:22.002"/>
</kw>
<status status="PASS" starttime="20211022 18:46:19.735" endtime="20211022 18:46:22.002"/>
</kw>
<tag>ADICIONAR_CLIENTE</tag>
<status status="PASS" starttime="20211022 18:45:59.310" endtime="20211022 18:46:22.003"/>
</test>
<doc>Aqui estarão presentes os primeiros testes automatizados web.</doc>
<status status="PASS" starttime="20211022 18:45:17.008" endtime="20211022 18:46:22.004"/>
</suite>
<statistics>
<total>
<stat pass="4" fail="0" skip="0">All Tests</stat>
</total>
<tag>
<stat pass="1" fail="0" skip="0">ADICIONAR_CLIENTE</stat>
<stat pass="1" fail="0" skip="0">LISTA_DE_PRODUTOS</stat>
<stat pass="1" fail="0" skip="0">PRODUTO_EXISTE</stat>
<stat pass="1" fail="0" skip="0">PRODUTO_NAO_EXISTE</stat>
</tag>
<suite>
<stat pass="4" fail="0" skip="0" id="s1" name="Webautomation">Webautomation</stat>
</suite>
</statistics>
<errors>
</errors>
</robot>
